<?xml version="1.0" encoding="UTF-8"?>
<!-- Generated by org.testng.reporters.JUnitXMLReporter -->
<testsuite hostname="DESKTOP-C7SRO4S" ignored="0" name="Test" tests="3" failures="0" timestamp="2020-03-07T21:52:57 IST" time="38.684" errors="0">
  <testcase name="SIgnINPageTestCase" time="4.056" classname="AllTestcases.LoginPageTestCase"/>
  <testcase name="SrachItamMethod" time="4.054" classname="AllTestcases.SearchItamTestCase"/>
  <testcase name="AddToCartTestCaseMethod" time="0.016" classname="AllTestcases.AddToCartTestCase"/>
</testsuite> <!-- Test -->
