<?xml version="1.0" encoding="UTF-8"?>
<testng-results skipped="0" failed="0" ignored="0" total="3" passed="3">
  <reporter-output>
  </reporter-output>
  <suite name="Suite" duration-ms="38684" started-at="2020-03-07T21:52:18 IST" finished-at="2020-03-07T21:52:57 IST">
    <groups>
    </groups>
    <test name="Test" duration-ms="38684" started-at="2020-03-07T21:52:18 IST" finished-at="2020-03-07T21:52:57 IST">
      <class name="AllTestcases.AddToCartTestCase">
        <test-method status="PASS" signature="Setup(java.lang.String)[pri:0, instance:AllTestcases.AddToCartTestCase@6ddf90b0]" name="Setup" is-config="true" duration-ms="11671" started-at="2020-03-07T21:52:44 IST" finished-at="2020-03-07T21:52:56 IST">
          <params>
            <param index="0">
              <value>
                <![CDATA[Chrome]]>
              </value>
            </param>
          </params>
          <reporter-output>
          </reporter-output>
        </test-method> <!-- Setup -->
        <test-method status="PASS" signature="AddToCartTestCaseMethod()[pri:0, instance:AllTestcases.AddToCartTestCase@6ddf90b0]" name="AddToCartTestCaseMethod" duration-ms="16" started-at="2020-03-07T21:52:56 IST" finished-at="2020-03-07T21:52:56 IST">
          <reporter-output>
          </reporter-output>
        </test-method> <!-- AddToCartTestCaseMethod -->
        <test-method status="PASS" signature="Teardown()[pri:0, instance:AllTestcases.AddToCartTestCase@6ddf90b0]" name="Teardown" is-config="true" duration-ms="1133" started-at="2020-03-07T21:52:56 IST" finished-at="2020-03-07T21:52:57 IST">
          <reporter-output>
          </reporter-output>
        </test-method> <!-- Teardown -->
      </class> <!-- AllTestcases.AddToCartTestCase -->
      <class name="AllTestcases.LoginPageTestCase">
        <test-method status="PASS" signature="Setup(java.lang.String)[pri:0, instance:AllTestcases.LoginPageTestCase@eec5a4a]" name="Setup" is-config="true" duration-ms="6931" started-at="2020-03-07T21:52:18 IST" finished-at="2020-03-07T21:52:25 IST">
          <params>
            <param index="0">
              <value>
                <![CDATA[Chrome]]>
              </value>
            </param>
          </params>
          <reporter-output>
          </reporter-output>
        </test-method> <!-- Setup -->
        <test-method status="PASS" signature="SIgnINPageTestCase()[pri:0, instance:AllTestcases.LoginPageTestCase@eec5a4a]" name="SIgnINPageTestCase" duration-ms="4056" started-at="2020-03-07T21:52:25 IST" finished-at="2020-03-07T21:52:29 IST">
          <reporter-output>
          </reporter-output>
        </test-method> <!-- SIgnINPageTestCase -->
        <test-method status="PASS" signature="Teardown()[pri:0, instance:AllTestcases.LoginPageTestCase@eec5a4a]" name="Teardown" is-config="true" duration-ms="656" started-at="2020-03-07T21:52:29 IST" finished-at="2020-03-07T21:52:30 IST">
          <reporter-output>
          </reporter-output>
        </test-method> <!-- Teardown -->
      </class> <!-- AllTestcases.LoginPageTestCase -->
      <class name="AllTestcases.SearchItamTestCase">
        <test-method status="PASS" signature="Setup(java.lang.String)[pri:0, instance:AllTestcases.SearchItamTestCase@2b2948e2]" name="Setup" is-config="true" duration-ms="9458" started-at="2020-03-07T21:52:30 IST" finished-at="2020-03-07T21:52:39 IST">
          <params>
            <param index="0">
              <value>
                <![CDATA[Chrome]]>
              </value>
            </param>
          </params>
          <reporter-output>
          </reporter-output>
        </test-method> <!-- Setup -->
        <test-method status="PASS" signature="SrachItamMethod()[pri:0, instance:AllTestcases.SearchItamTestCase@2b2948e2]" name="SrachItamMethod" duration-ms="4054" started-at="2020-03-07T21:52:39 IST" finished-at="2020-03-07T21:52:43 IST">
          <reporter-output>
          </reporter-output>
        </test-method> <!-- SrachItamMethod -->
        <test-method status="PASS" signature="Teardown()[pri:0, instance:AllTestcases.SearchItamTestCase@2b2948e2]" name="Teardown" is-config="true" duration-ms="651" started-at="2020-03-07T21:52:43 IST" finished-at="2020-03-07T21:52:44 IST">
          <reporter-output>
          </reporter-output>
        </test-method> <!-- Teardown -->
      </class> <!-- AllTestcases.SearchItamTestCase -->
    </test> <!-- Test -->
  </suite> <!-- Suite -->
</testng-results>
